Thu Jan 25 2018 00:27:12 GMT+0530 (India Standard Time) GET /abouthbs
Thu Jan 25 2018 00:27:14 GMT+0530 (India Standard Time) GET /abouthbs
Thu Jan 25 2018 00:27:16 GMT+0530 (India Standard Time) GET /homehbs
Thu Jan 25 2018 00:27:23 GMT+0530 (India Standard Time) GET /abouthbs
Thu Jan 25 2018 00:27:24 GMT+0530 (India Standard Time) GET /homehbs
Thu Jan 25 2018 00:34:39 GMT+0530 (India Standard Time) GET /mk
Thu Jan 25 2018 00:34:39 GMT+0530 (India Standard Time) GET /favicon.ico
Thu Jan 25 2018 00:34:45 GMT+0530 (India Standard Time) GET /about
Thu Jan 25 2018 00:34:46 GMT+0530 (India Standard Time) GET /favicon.ico
Thu Jan 25 2018 00:34:54 GMT+0530 (India Standard Time) GET /homehbs
Thu Jan 25 2018 00:34:54 GMT+0530 (India Standard Time) GET /favicon.ico
Thu Jan 25 2018 00:38:33 GMT+0530 (India Standard Time) GET /homehbs
Thu Jan 25 2018 00:38:33 GMT+0530 (India Standard Time) GET /favicon.ico
Thu Jan 25 2018 00:39:02 GMT+0530 (India Standard Time) GET /favicon.ico
Fri Jan 26 2018 03:25:40 GMT+0530 (India Standard Time) GET /
Fri Jan 26 2018 03:25:43 GMT+0530 (India Standard Time) GET /favicon.ico
Fri Jan 26 2018 03:25:49 GMT+0530 (India Standard Time) GET /homehbs
Fri Jan 26 2018 03:26:10 GMT+0530 (India Standard Time) GET /homehbs
Fri Jan 26 2018 03:26:10 GMT+0530 (India Standard Time) GET /favicon.ico
Fri Jan 26 2018 03:26:18 GMT+0530 (India Standard Time) GET /homehbs
Fri Jan 26 2018 03:26:18 GMT+0530 (India Standard Time) GET /favicon.ico
Fri Jan 26 2018 03:26:22 GMT+0530 (India Standard Time) GET /projectshbs
Fri Jan 26 2018 03:26:32 GMT+0530 (India Standard Time) GET /abouthbs
Fri Jan 26 2018 03:28:22 GMT+0530 (India Standard Time) GET /abouthbs
Fri Jan 26 2018 03:28:22 GMT+0530 (India Standard Time) GET /favicon.ico
Fri Jan 26 2018 03:28:26 GMT+0530 (India Standard Time) GET /projectshbs
Fri Jan 26 2018 03:28:29 GMT+0530 (India Standard Time) GET /homehbs
Fri Jan 26 2018 03:28:30 GMT+0530 (India Standard Time) GET /abouthbs
Fri Jan 26 2018 03:59:47 GMT+0530 (India Standard Time) GET /homehbs
Fri Jan 26 2018 03:59:48 GMT+0530 (India Standard Time) GET /abouthbs
Fri Jan 26 2018 03:59:50 GMT+0530 (India Standard Time) GET /projectshbs
